<?xml version="1.0" encoding="UTF-8"?>
<!-- Generated by org.testng.reporters.JUnitReportReporter -->
<testsuite skipped="0" hostname="MaitriB.local" name="com.manifest.rough.test" tests="1" failures="0" timestamp="28 Jul 2020 14:31:19 GMT" time="0.745" errors="0">
  <testcase name="test" time="0.745" classname="com.manifest.rough.test"/>
</testsuite> <!-- com.manifest.rough.test -->
