<?xml version="1.0" encoding="UTF-8"?>
<!-- Generated by org.testng.reporters.JUnitReportReporter -->
<testsuite skipped="0" hostname="MaitriB.local" name="com.manifest.TestCases.LoginTest" tests="1" failures="0" timestamp="29 Jul 2020 15:14:44 GMT" time="0.014" errors="0">
  <testcase name="loginTest" time="0.014" classname="com.manifest.TestCases.LoginTest"/>
</testsuite> <!-- com.manifest.TestCases.LoginTest -->
