<?xml version="1.0" encoding="UTF-8"?>
<!-- Generated by org.testng.reporters.JUnitReportReporter -->
<testsuite skipped="0" hostname="MaitriB.local" name="com.manifest.TestCases.BaseTest" tests="1" failures="0" timestamp="29 Jul 2020 07:09:10 GMT" time="0.011" errors="0">
  <testcase name="test" time="0.011" classname="com.manifest.TestCases.BaseTest"/>
</testsuite> <!-- com.manifest.TestCases.BaseTest -->
