<?xml version="1.0" encoding="UTF-8"?>
<!-- Generated by org.testng.reporters.JUnitReportReporter -->
<testsuite skipped="0" hostname="MaitriB.local" name="com.manifest.TestCases.firstTest" tests="1" failures="0" timestamp="29 Jul 2020 09:06:16 GMT" time="0.007" errors="0">
  <testcase name="firstTest" time="0.007" classname="com.manifest.TestCases.firstTest"/>
</testsuite> <!-- com.manifest.TestCases.firstTest -->
